Сборка начата 27.06.2014 21:33:10.
     1>Проект "C:\Users\lena\Desktop\git\task1-Sergii_Dziublyk\MFCStudent\MFCStudent\MFCStudent.vcxproj" в узле 2 (целевые объекты Build).
     1>ClCompile:
         C:\Program Files (x86)\Microsoft Visual Studio 12.0\VC\bin\CL.exe /c /ZI /nologo /W3 /WX- /Od /Oy- /D WIN32 /D _WINDOWS /D _DEBUG /D _UNICODE /D UNICODE /Gm /EHsc /RTC1 /MTd /GS /fp:precise /Zc:wchar_t /Zc:forScope /Yu"stdafx.h" /Fp"Debug\MFCStudent.pch" /Fo"Debug\\" /Fd"Debug\vc120.pdb" /Gd /TP /analyze- /errorReport:prompt AddStudent_dlg.cpp MFCMain_dlg.cpp MFCStudent.cpp
         MFCMain_dlg.cpp
         Создание кода...
         Компиляция...
         MFCStudent.cpp
         AddStudent_dlg.cpp
         Создание кода...
       ResourceCompile:
         C:\Program Files (x86)\Windows Kits\8.1\bin\x86\rc.exe /D _DEBUG /D _UNICODE /D UNICODE /l"0x0419" /IDebug\ /nologo /fo"Debug\MFCStudent.res" MFCStudent.rc 
       Link:
         C:\Program Files (x86)\Microsoft Visual Studio 12.0\VC\bin\link.exe /ERRORREPORT:PROMPT /OUT:"C:\Users\lena\Desktop\git\task1-Sergii_Dziublyk\MFCStudent\Debug\MFCStudent.exe" /INCREMENTAL /NOLOGO /MANIFEST /MANIFESTUAC:"level='asInvoker' uiAccess='false'" /manifest:embed /manifestinput:"C:\Program Files (x86)\Microsoft Visual Studio 12.0\VC\Include\Manifest\dpiaware.manifest" /DEBUG /PDB:"C:\Users\lena\Desktop\git\task1-Sergii_Dziublyk\MFCStudent\Debug\MFCStudent.pdb" /SUBSYSTEM:WINDOWS /TLBID:1 /ENTRY:"wWinMainCRTStartup" /DYNAMICBASE /NXCOMPAT /IMPLIB:"C:\Users\lena\Desktop\git\task1-Sergii_Dziublyk\MFCStudent\Debug\MFCStudent.lib" /MACHINE:X86 Debug\MFCStudent.res
         Debug\MFCStudent.obj
         Debug\MFCMain_dlg.obj
         Debug\AddStudent_dlg.obj
         Debug\stdafx.obj
         MFCStudent.vcxproj -> C:\Users\lena\Desktop\git\task1-Sergii_Dziublyk\MFCStudent\Debug\MFCStudent.exe
     1>Сборка проекта "C:\Users\lena\Desktop\git\task1-Sergii_Dziublyk\MFCStudent\MFCStudent\MFCStudent.vcxproj" завершена (целевые объекты Build).

Сборка успешно завершена.

Затраченное время: 00:00:34.04
